<?xml version="1.0" encoding="UTF-8"?>
<!-- Generated by org.testng.reporters.JUnitReportReporter -->
<testsuite hostname="DESKTOP-CNP2FB7" failures="0" tests="1" name="Mytest.MyTestwe" time="2.531" errors="0" timestamp="2021-03-28T20:20:55 IST" skipped="0">
  <testcase classname="Mytest.MyTestwe" name="Testef" time="2.531"/>
  <system-out/>
</testsuite> <!-- Mytest.MyTestwe -->
