<?xml version="1.0" encoding="UTF-8"?>
<!-- Generated by org.testng.reporters.JUnitReportReporter -->
<testsuite hostname="DESKTOP-CNP2FB7" failures="0" tests="1" name="Mytest.TestS5" time="12.057" errors="0" timestamp="2021-04-23T22:41:59 IST" skipped="0">
  <testcase classname="Mytest.TestS5" name="Testef" time="12.057"/>
  <system-out/>
</testsuite> <!-- Mytest.TestS5 -->
